SF:lib\domain\usecases\search_movies.dart
DA:9,1
DA:11,1
DA:12,2
LF:3
LH:3
end_of_record
SF:lib\domain\usecases\search_tv.dart
DA:9,1
DA:11,1
DA:12,2
LF:3
LH:3
end_of_record
SF:lib\presentation\bloc\search_bloc.dart
DA:10,1
DA:11,3
DA:17,3
DA:18,2
DA:19,1
DA:21,2
DA:22,2
DA:24,1
DA:25,1
DA:26,3
DA:28,1
DA:29,2
DA:32,1
DA:40,1
DA:42,0
DA:43,0
DA:48,1
DA:50,0
DA:51,0
DA:56,1
DA:58,1
DA:59,1
DA:69,1
DA:71,1
DA:72,1
DA:80,1
DA:83,1
DA:84,2
LF:28
LH:24
end_of_record
SF:lib\presentation\bloc\search_tv_bloc.dart
DA:9,1
DA:10,3
DA:16,3
DA:17,2
DA:18,1
DA:20,2
DA:21,2
DA:23,1
DA:24,1
DA:25,3
DA:27,1
DA:28,2
DA:31,1
DA:39,1
DA:41,0
DA:42,0
DA:47,1
DA:49,0
DA:50,0
DA:54,1
DA:56,1
DA:57,1
DA:67,1
DA:69,1
DA:70,1
DA:78,1
DA:81,1
DA:82,2
LF:28
LH:24
end_of_record
