SF:lib\domain\usecases\get_now_playing_tv.dart
DA:9,1
DA:11,1
DA:12,2
LF:3
LH:3
end_of_record
SF:lib\domain\usecases\get_popular_tv.dart
DA:9,1
DA:11,1
DA:12,2
LF:3
LH:3
end_of_record
SF:lib\domain\usecases\get_top_rated_tv.dart
DA:9,1
DA:11,1
DA:12,2
LF:3
LH:3
end_of_record
SF:lib\domain\usecases\get_tv_detail.dart
DA:9,1
DA:11,1
DA:12,2
LF:3
LH:3
end_of_record
SF:lib\domain\usecases\get_tv_recommendations.dart
DA:9,1
DA:11,1
DA:12,2
LF:3
LH:3
end_of_record
SF:lib\domain\usecases\get_watchlist_status.dart
DA:7,1
DA:9,1
DA:10,2
LF:3
LH:3
end_of_record
SF:lib\domain\usecases\get_watchlist_tv.dart
DA:9,1
DA:11,1
DA:12,2
LF:3
LH:3
end_of_record
SF:lib\domain\usecases\remove_watchlist.dart
DA:9,1
DA:11,1
DA:12,2
LF:3
LH:3
end_of_record
SF:lib\domain\usecases\save_watchlist.dart
DA:9,1
DA:11,1
DA:12,2
LF:3
LH:3
end_of_record
SF:lib\presentation\bloc\get_now_playing_tv\get_now_playing_tv_state.dart
DA:6,1
DA:7,1
DA:11,1
DA:12,1
DA:18,1
DA:20,1
DA:21,2
DA:27,1
DA:29,1
DA:30,2
LF:10
LH:10
end_of_record
SF:lib\presentation\bloc\get_now_playing_tv\get_now_playing_tv_bloc.dart
DA:15,3
DA:16,2
DA:19,1
DA:21,2
DA:22,2
DA:24,2
DA:25,3
DA:26,1
DA:27,1
DA:28,2
DA:29,2
LF:11
LH:11
end_of_record
SF:lib\presentation\bloc\get_now_playing_tv\get_now_playing_tv_event.dart
DA:6,1
DA:7,1
LF:2
LH:2
end_of_record
SF:lib\presentation\bloc\popular_tv\popular_tv_state.dart
DA:6,1
DA:7,1
DA:11,1
DA:12,1
DA:18,1
DA:20,1
DA:21,2
DA:27,1
DA:29,1
DA:30,2
LF:10
LH:10
end_of_record
SF:lib\presentation\bloc\popular_tv\popular_tv_bloc.dart
DA:14,3
DA:15,2
DA:18,1
DA:20,2
DA:21,2
DA:23,2
DA:24,3
DA:25,1
DA:26,1
DA:27,2
DA:28,2
LF:11
LH:11
end_of_record
SF:lib\presentation\bloc\popular_tv\popular_tv_event.dart
DA:6,1
DA:7,1
LF:2
LH:2
end_of_record
SF:lib\presentation\bloc\top_rated_tv\top_rated_tv_bloc.dart
DA:15,3
DA:16,2
DA:19,1
DA:21,2
DA:22,2
DA:24,2
DA:25,3
DA:26,1
DA:27,1
DA:28,2
DA:29,2
LF:11
LH:11
end_of_record
SF:lib\presentation\bloc\top_rated_tv\top_rated_tv_event.dart
DA:6,1
DA:7,1
LF:2
LH:2
end_of_record
SF:lib\presentation\bloc\top_rated_tv\top_rated_tv_state.dart
DA:6,1
DA:7,1
DA:11,1
DA:12,1
DA:18,1
DA:20,1
DA:21,2
DA:27,1
DA:29,1
DA:30,2
LF:10
LH:10
end_of_record
SF:lib\presentation\bloc\tv_detail\tv_detail_bloc.dart
DA:15,3
DA:16,2
DA:19,1
DA:21,1
DA:23,2
DA:25,2
DA:27,2
DA:28,3
DA:29,1
DA:30,2
LF:10
LH:10
end_of_record
SF:lib\presentation\bloc\tv_detail\tv_detail_state.dart
DA:6,1
DA:7,1
DA:11,1
DA:12,1
DA:18,1
DA:20,1
DA:21,2
DA:27,1
DA:29,1
DA:30,2
LF:10
LH:10
end_of_record
SF:lib\presentation\bloc\tv_detail\tv_detail_event.dart
DA:8,1
DA:10,1
DA:11,2
LF:3
LH:3
end_of_record
SF:lib\presentation\bloc\tv_recommendations\tv_recommendations_state.dart
DA:6,1
DA:7,1
DA:11,1
DA:12,1
DA:18,1
DA:20,1
DA:21,2
DA:27,1
DA:29,1
DA:30,2
LF:10
LH:10
end_of_record
SF:lib\presentation\bloc\tv_recommendations\tv_recommendations_event.dart
DA:8,1
DA:10,1
DA:11,2
LF:3
LH:3
end_of_record
SF:lib\presentation\bloc\tv_recommendations\tv_recommendations_bloc.dart
DA:16,5
DA:18,1
DA:20,1
DA:22,2
DA:23,2
DA:25,2
DA:26,3
DA:27,1
DA:28,1
DA:29,2
DA:30,2
LF:11
LH:11
end_of_record
SF:lib\presentation\bloc\watchlist_tv\watchlist_tv_state.dart
DA:6,1
DA:7,1
DA:11,1
DA:12,1
DA:16,1
DA:17,1
DA:23,1
DA:25,1
DA:26,2
DA:32,1
DA:34,1
DA:35,2
DA:41,1
DA:43,1
DA:44,2
DA:50,1
DA:52,1
DA:53,2
LF:18
LH:18
end_of_record
SF:lib\presentation\bloc\watchlist_tv\watchlist_tv_event.dart
DA:6,1
DA:7,1
DA:13,1
DA:15,1
DA:16,2
DA:22,1
DA:24,1
DA:25,2
DA:31,1
DA:33,1
DA:34,2
LF:11
LH:11
end_of_record
SF:lib\presentation\bloc\watchlist_tv\watchlist_tv_bloc.dart
DA:23,1
DA:25,2
DA:26,2
DA:27,2
DA:28,2
DA:29,2
DA:32,1
DA:34,2
DA:35,2
DA:36,2
DA:37,3
DA:38,1
DA:39,1
DA:40,2
DA:41,2
DA:45,1
DA:47,1
DA:48,2
DA:49,2
DA:52,1
DA:54,1
DA:55,2
DA:56,2
DA:57,3
DA:58,1
DA:59,2
DA:73,1
DA:75,1
DA:76,2
DA:78,2
DA:79,3
DA:80,1
DA:81,2
LF:33
LH:33
end_of_record
